<?xml version="1.0" encoding="UTF-8"?>
<!-- Generated by org.testng.reporters.JUnitReportReporter -->
<testsuite hostname="LAPTOP-GAUPM6CM" failures="0" tests="1" name="testscripts.regression.ValidateRegistrationDataProvider" time="8.044" errors="0" timestamp="2023-07-27T20:30:04 IST" skipped="0">
  <testcase classname="testscripts.regression.ValidateRegistrationDataProvider" name="validateRegistrationTest" time="8.044"/>
  <system-out/>
</testsuite> <!-- testscripts.regression.ValidateRegistrationDataProvider -->
