<?xml version="1.0" encoding="UTF-8"?>
<!-- Generated by org.testng.reporters.JUnitReportReporter -->
<testsuite hostname="LAPTOP-GAUPM6CM" failures="0" tests="1" name="testscripts.regression.ValidateRegistration" time="7.935" errors="0" timestamp="2023-07-27T20:22:21 IST" skipped="0">
  <testcase classname="testscripts.regression.ValidateRegistration" name="validateRegistrationTest" time="7.935"/>
  <system-out/>
</testsuite> <!-- testscripts.regression.ValidateRegistration -->
